<?xml version='1.0' encoding='UTF-8'?>
<testsuite hostname="shehrozbaloch-thinkpad-x250" name="core.topcoretest" tests="1" errors="0" failures="1" skipped="0" time="3.055" timestamp="2024-09-26T21:50:29">
                     <properties>
      <property name="awt.toolkit" value="sun.awt.X11.XToolkit"/><property name="java.specification.version" value="11"/><property name="sun.cpu.isalist" value=""/><property name="sun.jnu.encoding" value="UTF-8"/><property name="sun.arch.data.model" value="64"/><property name="java.vendor.url" value="https://ubuntu.com/"/><property name="sun.boot.library.path" value="/usr/lib/jvm/java-11-openjdk-amd64/lib"/><property name="sun.java.command" value="/home/shehroz/.cache/sbt/boot/sbt-launch/1.10.1/sbt-launch-1.10.1.jar"/><property name="jdk.debug" value="release"/><property name="java.specification.vendor" value="Oracle Corporation"/><property name="java.version.date" value="2024-07-16"/><property name="java.home" value="/usr/lib/jvm/java-11-openjdk-amd64"/><property name="file.separator" value="/"/><property name="java.vm.compressedOopsMode" value="32-bit"/><property name="line.separator" value="
"/><property name="java.specification.name" value="Java Platform API Specification"/><property name="java.vm.specification.vendor" value="Oracle Corporation"/><property name="sun.management.compiler" value="HotSpot 64-Bit Tiered Compilers"/><property name="java.runtime.version" value="11.0.24+8-post-Ubuntu-1ubuntu324.04.1"/><property name="user.name" value="ruba"/><property name="log4j.ignoreTCL" value="true"/><property name="file.encoding" value="UTF-8"/><property name="jnidispatch.path" value="/home/shehroz/.cache/JNA/temp/jna7253617495381751851.tmp"/><property name="jna.loaded" value="true"/><property name="java.io.tmpdir" value="/tmp"/><property name="java.version" value="11.0.24"/><property name="java.vm.specification.name" value="Java Virtual Machine Specification"/><property name="java.awt.printerjob" value="sun.print.PSPrinterJob"/><property name="sun.os.patch.level" value="unknown"/><property name="java.library.path" value="/usr/java/packages/lib:/usr/lib/x86_64-linux-gnu/jni:/lib/x86_64-linux-gnu:/usr/lib/x86_64-linux-gnu:/usr/lib/jni:/lib:/usr/lib"/><property name="java.vendor" value="Ubuntu"/><property name="java.specification.maintenance.version" value="2"/><property name="scala.ext.dirs" value="/home/shehroz/.sbt/1.0/java9-rt-ext-ubuntu_11_0_24"/><property name="sun.io.unicode.encoding" value="UnicodeLittle"/><property name="sun.desktop" value="gnome"/><property name="java.class.path" value="/home/shehroz/.cache/sbt/boot/sbt-launch/1.10.1/sbt-launch-1.10.1.jar"/><property name="java.vm.vendor" value="Ubuntu"/><property name="jline.shutdownhook" value="false"/><property name="user.timezone" value="Asia/Karachi"/><property name="os.name" value="Linux"/><property name="java.vm.specification.version" value="11"/><property name="sun.java.launcher" value="SUN_STANDARD"/><property name="user.country" value="US"/><property name="sun.cpu.endian" value="little"/><property name="user.home" value="/home/shehroz"/><property name="user.language" value="en"/><property name="sbt.script" value="/usr/bin/sbt"/><property name="swoval.tmpdir" value="/home/shehroz/.sbt/1.0"/><property name="java.awt.graphicsenv" value="sun.awt.X11GraphicsEnvironment"/><property name="jline.esc.timeout" value="0"/><property name="path.separator" value=":"/><property name="os.version" value="6.8.0-40-generic"/><property name="jna.nosys" value="true"/><property name="java.runtime.name" value="OpenJDK Runtime Environment"/><property name="java.vm.name" value="OpenJDK 64-Bit Server VM"/><property name="jna.platform.library.path" value="/usr/lib/x86_64-linux-gnu:/lib/x86_64-linux-gnu:/usr/lib64:/lib64:/usr/lib:/lib:/lib/i386-linux-gnu:/usr/lib/x86_64-linux-gnu/libfakeroot"/><property name="java.vendor.url.bug" value="https://bugs.launchpad.net/ubuntu/+source/openjdk-lts"/><property name="user.dir" value="/home/shehroz/Desktop/New Folder 3/Vermithor"/><property name="os.arch" value="amd64"/><property name="java.vm.info" value="mixed mode, sharing"/><property name="java.vm.version" value="11.0.24+8-post-Ubuntu-1ubuntu324.04.1"/><property name="java.class.version" value="55.0"/>
    </properties>
                     <testcase classname="core.topcoretest" name="Chisel Tester File topcoretest" time="3.055">
                                                 <failure message="
firrtl.passes.CheckInitialization$RefNotInitializedException:  @[fetch.scala 30:23] : [module fetch]  Reference pcmod is not fully initialized.
   : pcmod.io.jump &lt;= mux(_T_4, UInt&lt;1&gt;(&quot;h1&quot;), VOID)
firrtl.passes.CheckInitialization$RefNotInitializedException:  @[execute.scala 37:24] : [module execute]  Reference alumod is not fully initialized.
   : alumod.io.A &lt;= mux(_T_1, VOID, io.regfrdata2_execute)
firrtl.passes.CheckInitialization$RefNotInitializedException:  : [module execute]  Reference io is not fully initialized.
   : io.pc_imm_execute_to_decode_out &lt;= VOID
firrtl.passes.CheckInitialization$RefNotInitializedException:  : [module mem]  Reference io is not fully initialized.
   : io.pc_imm_mem_to_execute_out &lt;= VOID
firrtl.passes.CheckInitialization$RefNotInitializedException:  @[topcore.scala 15:28] : [module topcore]  Reference fetch_module is not fully initialized.
   : fetch_module.io.pc_fetch_imm &lt;= VOID
firrtl.passes.CheckInitialization$RefNotInitializedException:  @[topcore.scala 16:29] : [module topcore]  Reference decode_module is not fully initialized.
   : decode_module.io.decode_regf_wen &lt;= VOID
firrtl.passes.CheckInitialization$RefNotInitializedException:  @[topcore.scala 18:26] : [module topcore]  Reference mem_module is not fully initialized.
   : mem_module.io.wr_enable_mem &lt;= VOID
firrtl.passes.CheckInitialization$RefNotInitializedException:  @[topcore.scala 18:26] : [module topcore]  Reference mem_module is not fully initialized.
   : mem_module.io.pc_imm_execute_to_mem &lt;= VOID
firrtl.passes.CheckInitialization$RefNotInitializedException:  @[topcore.scala 16:29] : [module topcore]  Reference decode_module is not fully initialized.
   : decode_module.io.decode_regf_waddr &lt;= VOID
firrtl.passes.CheckInitialization$RefNotInitializedException:  @[topcore.scala 18:26] : [module topcore]  Reference mem_module is not fully initialized.
   : mem_module.io.rd_enable_mem &lt;= VOID
firrtl.passes.CheckInitialization$RefNotInitializedException:  @[topcore.scala 17:30] : [module topcore]  Reference execute_module is not fully initialized.
   : execute_module.io.pc_decode_to_execute_imm &lt;= VOID
firrtl.passes.CheckInitialization$RefNotInitializedException:  @[topcore.scala 17:30] : [module topcore]  Reference execute_module is not fully initialized.
   : execute_module.io.regfrdata2_execute &lt;= VOID
firrtl.passes.CheckInitialization$RefNotInitializedException:  @[topcore.scala 16:29] : [module topcore]  Reference decode_module is not fully initialized.
   : decode_module.io.decode_regf_raddr2 &lt;= VOID
firrtl.passes.CheckInitialization$RefNotInitializedException:  @[topcore.scala 15:28] : [module topcore]  Reference fetch_module is not fully initialized.
   : fetch_module.io.Imem_fetch_address &lt;= VOID
firrtl.passes.CheckInitialization$RefNotInitializedException:  @[topcore.scala 19:25] : [module topcore]  Reference wb_module is not fully initialized.
   : wb_module.io.ins &lt;= VOID
firrtl.passes.CheckInitialization$RefNotInitializedException:  @[topcore.scala 18:26] : [module topcore]  Reference mem_module is not fully initialized.
   : mem_module.io.addr_mem &lt;= VOID
firrtl.passes.CheckInitialization$RefNotInitializedException:  @[topcore.scala 16:29] : [module topcore]  Reference decode_module is not fully initialized.
   : decode_module.io.decode_regf_raddr1 &lt;= VOID
firrtl.passes.CheckInitialization$RefNotInitializedException:  @[topcore.scala 16:29] : [module topcore]  Reference decode_module is not fully initialized.
   : decode_module.io.pc_imm_execute_to_decode &lt;= VOID
firrtl.passes.CheckInitialization$RefNotInitializedException:  @[topcore.scala 15:28] : [module topcore]  Reference fetch_module is not fully initialized.
   : fetch_module.io.pc_fetch_jump &lt;= VOID
firrtl.passes.CheckInitialization$RefNotInitializedException:  @[topcore.scala 15:28] : [module topcore]  Reference fetch_module is not fully initialized.
   : fetch_module.io.Imem_fetch_enable &lt;= VOID
firrtl.passes.CheckInitialization$RefNotInitializedException:  @[topcore.scala 16:29] : [module topcore]  Reference decode_module is not fully initialized.
   : decode_module.io.decode_immgenr_instruction &lt;= VOID
firrtl.passes.CheckInitialization$RefNotInitializedException:  @[topcore.scala 17:30] : [module topcore]  Reference execute_module is not fully initialized.
   : execute_module.io.pc_decode_to_execute &lt;= VOID
firrtl.passes.PassException: 22 errors detected!" type="firrtl.passes.PassExceptions">firrtl.passes.PassExceptions: 
firrtl.passes.CheckInitialization$RefNotInitializedException:  @[fetch.scala 30:23] : [module fetch]  Reference pcmod is not fully initialized.
   : pcmod.io.jump &lt;= mux(_T_4, UInt&lt;1&gt;(&quot;h1&quot;), VOID)
firrtl.passes.CheckInitialization$RefNotInitializedException:  @[execute.scala 37:24] : [module execute]  Reference alumod is not fully initialized.
   : alumod.io.A &lt;= mux(_T_1, VOID, io.regfrdata2_execute)
firrtl.passes.CheckInitialization$RefNotInitializedException:  : [module execute]  Reference io is not fully initialized.
   : io.pc_imm_execute_to_decode_out &lt;= VOID
firrtl.passes.CheckInitialization$RefNotInitializedException:  : [module mem]  Reference io is not fully initialized.
   : io.pc_imm_mem_to_execute_out &lt;= VOID
firrtl.passes.CheckInitialization$RefNotInitializedException:  @[topcore.scala 15:28] : [module topcore]  Reference fetch_module is not fully initialized.
   : fetch_module.io.pc_fetch_imm &lt;= VOID
firrtl.passes.CheckInitialization$RefNotInitializedException:  @[topcore.scala 16:29] : [module topcore]  Reference decode_module is not fully initialized.
   : decode_module.io.decode_regf_wen &lt;= VOID
firrtl.passes.CheckInitialization$RefNotInitializedException:  @[topcore.scala 18:26] : [module topcore]  Reference mem_module is not fully initialized.
   : mem_module.io.wr_enable_mem &lt;= VOID
firrtl.passes.CheckInitialization$RefNotInitializedException:  @[topcore.scala 18:26] : [module topcore]  Reference mem_module is not fully initialized.
   : mem_module.io.pc_imm_execute_to_mem &lt;= VOID
firrtl.passes.CheckInitialization$RefNotInitializedException:  @[topcore.scala 16:29] : [module topcore]  Reference decode_module is not fully initialized.
   : decode_module.io.decode_regf_waddr &lt;= VOID
firrtl.passes.CheckInitialization$RefNotInitializedException:  @[topcore.scala 18:26] : [module topcore]  Reference mem_module is not fully initialized.
   : mem_module.io.rd_enable_mem &lt;= VOID
firrtl.passes.CheckInitialization$RefNotInitializedException:  @[topcore.scala 17:30] : [module topcore]  Reference execute_module is not fully initialized.
   : execute_module.io.pc_decode_to_execute_imm &lt;= VOID
firrtl.passes.CheckInitialization$RefNotInitializedException:  @[topcore.scala 17:30] : [module topcore]  Reference execute_module is not fully initialized.
   : execute_module.io.regfrdata2_execute &lt;= VOID
firrtl.passes.CheckInitialization$RefNotInitializedException:  @[topcore.scala 16:29] : [module topcore]  Reference decode_module is not fully initialized.
   : decode_module.io.decode_regf_raddr2 &lt;= VOID
firrtl.passes.CheckInitialization$RefNotInitializedException:  @[topcore.scala 15:28] : [module topcore]  Reference fetch_module is not fully initialized.
   : fetch_module.io.Imem_fetch_address &lt;= VOID
firrtl.passes.CheckInitialization$RefNotInitializedException:  @[topcore.scala 19:25] : [module topcore]  Reference wb_module is not fully initialized.
   : wb_module.io.ins &lt;= VOID
firrtl.passes.CheckInitialization$RefNotInitializedException:  @[topcore.scala 18:26] : [module topcore]  Reference mem_module is not fully initialized.
   : mem_module.io.addr_mem &lt;= VOID
firrtl.passes.CheckInitialization$RefNotInitializedException:  @[topcore.scala 16:29] : [module topcore]  Reference decode_module is not fully initialized.
   : decode_module.io.decode_regf_raddr1 &lt;= VOID
firrtl.passes.CheckInitialization$RefNotInitializedException:  @[topcore.scala 16:29] : [module topcore]  Reference decode_module is not fully initialized.
   : decode_module.io.pc_imm_execute_to_decode &lt;= VOID
firrtl.passes.CheckInitialization$RefNotInitializedException:  @[topcore.scala 15:28] : [module topcore]  Reference fetch_module is not fully initialized.
   : fetch_module.io.pc_fetch_jump &lt;= VOID
firrtl.passes.CheckInitialization$RefNotInitializedException:  @[topcore.scala 15:28] : [module topcore]  Reference fetch_module is not fully initialized.
   : fetch_module.io.Imem_fetch_enable &lt;= VOID
firrtl.passes.CheckInitialization$RefNotInitializedException:  @[topcore.scala 16:29] : [module topcore]  Reference decode_module is not fully initialized.
   : decode_module.io.decode_immgenr_instruction &lt;= VOID
firrtl.passes.CheckInitialization$RefNotInitializedException:  @[topcore.scala 17:30] : [module topcore]  Reference execute_module is not fully initialized.
   : execute_module.io.pc_decode_to_execute &lt;= VOID
firrtl.passes.PassException: 22 errors detected!
</failure>
                                               </testcase>
                     <system-out><![CDATA[]]></system-out>
                     <system-err><![CDATA[]]></system-err>
                   </testsuite>